<?xml version="1.0" encoding="UTF-8"?>
<!-- Generated by org.testng.reporters.JUnitXMLReporter -->
<testsuite ignored="1" hostname="DESKTOP-QUL0G06" failures="0" tests="2" name="Test" time="44.963" errors="0" timestamp="10 Dec 2022 08:39:25 GMT">
  <testcase classname="SampleTest.SampleTest.MyLogoTest" name="switchToIframe" time="2.909"/>
  <testcase classname="SampleTest.SampleTest.MyLogoTest" name="switchToTabAndGetText" time="2.509"/>
  <testcase classname="SampleTest.SampleTest.MyLogoTest" name="newMemberRegistration" time="0.0">
    <ignored/>
  </testcase> <!-- newMemberRegistration -->
</testsuite> <!-- Test -->
