<?xml version="1.0" encoding="UTF-8"?>
<!-- Generated by org.testng.reporters.JUnitXMLReporter -->
<testsuite ignored="1" hostname="DESKTOP-QUL0G06" failures="0" tests="2" name="GRP-single" time="84.733" errors="0" timestamp="10 Dec 2022 06:53:46 GMT">
  <testcase classname="SampleTest.SampleTest.MyLogoTest" name="switchToIframe" time="11.748"/>
  <testcase classname="SampleTest.SampleTest.MyLogoTest" name="switchToTabAndGetText" time="11.261"/>
  <testcase classname="SampleTest.SampleTest.MyLogoTest" name="newMemberRegistration" time="0.0">
    <ignored/>
  </testcase> <!-- newMemberRegistration -->
</testsuite> <!-- GRP-single -->
